[0.006s] Invoking command in '/home/zhy/my_robot/my_robot_description/build/my_robot_description': CMAKE_PREFIX_PATH=${CMAKE_PREFIX_PATH}:/opt/ros/foxy /usr/bin/cmake /home/zhy/my_robot/my_robot_description -DCMAKE_INSTALL_PREFIX=/home/zhy/my_robot/my_robot_description/install/my_robot_description
[0.378s] -- The C compiler identification is GNU 9.4.0
[0.984s] -- The CXX compiler identification is GNU 9.4.0
[1.300s] -- Check for working C compiler: /usr/bin/cc
[1.606s] -- Check for working C compiler: /usr/bin/cc -- works
[1.607s] -- Detecting C compiler ABI info
[1.874s] -- Detecting C compiler ABI info - done
[1.880s] -- Detecting C compile features
[1.880s] -- Detecting C compile features - done
[1.882s] -- Check for working CXX compiler: /usr/bin/c++
[2.201s] -- Check for working CXX compiler: /usr/bin/c++ -- works
[2.202s] -- Detecting CXX compiler ABI info
[2.472s] -- Detecting CXX compiler ABI info - done
[2.478s] -- Detecting CXX compile features
[2.479s] -- Detecting CXX compile features - done
[2.480s] -- Found ament_cmake: 0.9.12 (/opt/ros/foxy/share/ament_cmake/cmake)
[2.492s] -- Found PythonInterp: /usr/bin/python3 (found suitable version "3.8.10", minimum required is "3") 
[2.492s] -- Using PYTHON_EXECUTABLE: /usr/bin/python3
[2.581s] -- Found urdf: 2.4.0 (/opt/ros/foxy/share/urdf/cmake)
[5.521s] -- Found xacro: 2.0.7 (/opt/ros/foxy/share/xacro/cmake)
[5.555s] -- Configuring done
[5.556s] -- Generating done
[5.557s] -- Build files have been written to: /home/zhy/my_robot/my_robot_description/build/my_robot_description
[5.560s] Invoked command in '/home/zhy/my_robot/my_robot_description/build/my_robot_description' returned '0': CMAKE_PREFIX_PATH=${CMAKE_PREFIX_PATH}:/opt/ros/foxy /usr/bin/cmake /home/zhy/my_robot/my_robot_description -DCMAKE_INSTALL_PREFIX=/home/zhy/my_robot/my_robot_description/install/my_robot_description
[5.562s] Invoking command in '/home/zhy/my_robot/my_robot_description/build/my_robot_description': CMAKE_PREFIX_PATH=${CMAKE_PREFIX_PATH}:/opt/ros/foxy /usr/bin/cmake --build /home/zhy/my_robot/my_robot_description/build/my_robot_description -- -j32 -l32
[5.586s] Invoked command in '/home/zhy/my_robot/my_robot_description/build/my_robot_description' returned '0': CMAKE_PREFIX_PATH=${CMAKE_PREFIX_PATH}:/opt/ros/foxy /usr/bin/cmake --build /home/zhy/my_robot/my_robot_description/build/my_robot_description -- -j32 -l32
[5.604s] Invoking command in '/home/zhy/my_robot/my_robot_description/build/my_robot_description': CMAKE_PREFIX_PATH=${CMAKE_PREFIX_PATH}:/opt/ros/foxy /usr/bin/cmake --install /home/zhy/my_robot/my_robot_description/build/my_robot_description
[5.607s] -- Install configuration: ""
[5.607s] -- Installing: /home/zhy/my_robot/my_robot_description/install/my_robot_description/share/my_robot_description/urdf
[5.608s] -- Installing: /home/zhy/my_robot/my_robot_description/install/my_robot_description/share/my_robot_description/urdf/xacro
[5.608s] -- Installing: /home/zhy/my_robot/my_robot_description/install/my_robot_description/share/my_robot_description/urdf/xacro/gazebo
[5.608s] -- Installing: /home/zhy/my_robot/my_robot_description/install/my_robot_description/share/my_robot_description/urdf/xacro/gazebo/my_robot_gazebo.xacro
[5.608s] -- Installing: /home/zhy/my_robot/my_robot_description/install/my_robot_description/share/my_robot_description/urdf/xacro/gazebo/my_robot_with_laser_gazebo.xacro
[5.608s] -- Installing: /home/zhy/my_robot/my_robot_description/install/my_robot_description/share/my_robot_description/urdf/xacro/gazebo/my_robot_base_gazebo.urdf
[5.609s] -- Installing: /home/zhy/my_robot/my_robot_description/install/my_robot_description/share/my_robot_description/urdf/xacro/gazebo/my_robot_base_gazebo.xacro
[5.609s] -- Installing: /home/zhy/my_robot/my_robot_description/install/my_robot_description/share/my_robot_description/urdf/xacro/sensors
[5.609s] -- Installing: /home/zhy/my_robot/my_robot_description/install/my_robot_description/share/my_robot_description/urdf/xacro/sensors/lidar.xacro
[5.609s] -- Installing: /home/zhy/my_robot/my_robot_description/install/my_robot_description/share/my_robot_description/urdf/xacro/sensors/lidar_gazebo.xacro
[5.609s] -- Installing: /home/zhy/my_robot/my_robot_description/install/my_robot_description/share/my_robot_description/launch
[5.609s] -- Installing: /home/zhy/my_robot/my_robot_description/install/my_robot_description/share/my_robot_description/launch/gazebo_launch.py
[5.609s] -- Installing: /home/zhy/my_robot/my_robot_description/install/my_robot_description/share/my_robot_description/world
[5.609s] -- Installing: /home/zhy/my_robot/my_robot_description/install/my_robot_description/share/my_robot_description/world/2023_v_4_1.world
[5.609s] -- Installing: /home/zhy/my_robot/my_robot_description/install/my_robot_description/share/my_robot_description/meshes
[5.609s] -- Installing: /home/zhy/my_robot/my_robot_description/install/my_robot_description/share/my_robot_description/meshes/base_link.stl
[5.611s] -- Installing: /home/zhy/my_robot/my_robot_description/install/my_robot_description/share/ament_index/resource_index/package_run_dependencies/my_robot_description
[5.611s] -- Installing: /home/zhy/my_robot/my_robot_description/install/my_robot_description/share/ament_index/resource_index/parent_prefix_path/my_robot_description
[5.611s] -- Installing: /home/zhy/my_robot/my_robot_description/install/my_robot_description/share/my_robot_description/environment/ament_prefix_path.sh
[5.611s] -- Installing: /home/zhy/my_robot/my_robot_description/install/my_robot_description/share/my_robot_description/environment/ament_prefix_path.dsv
[5.611s] -- Installing: /home/zhy/my_robot/my_robot_description/install/my_robot_description/share/my_robot_description/environment/path.sh
[5.612s] -- Installing: /home/zhy/my_robot/my_robot_description/install/my_robot_description/share/my_robot_description/environment/path.dsv
[5.612s] -- Installing: /home/zhy/my_robot/my_robot_description/install/my_robot_description/share/my_robot_description/local_setup.bash
[5.612s] -- Installing: /home/zhy/my_robot/my_robot_description/install/my_robot_description/share/my_robot_description/local_setup.sh
[5.612s] -- Installing: /home/zhy/my_robot/my_robot_description/install/my_robot_description/share/my_robot_description/local_setup.zsh
[5.612s] -- Installing: /home/zhy/my_robot/my_robot_description/install/my_robot_description/share/my_robot_description/local_setup.dsv
[5.612s] -- Installing: /home/zhy/my_robot/my_robot_description/install/my_robot_description/share/my_robot_description/package.dsv
[5.612s] -- Installing: /home/zhy/my_robot/my_robot_description/install/my_robot_description/share/ament_index/resource_index/packages/my_robot_description
[5.612s] -- Installing: /home/zhy/my_robot/my_robot_description/install/my_robot_description/share/my_robot_description/cmake/my_robot_descriptionConfig.cmake
[5.613s] -- Installing: /home/zhy/my_robot/my_robot_description/install/my_robot_description/share/my_robot_description/cmake/my_robot_descriptionConfig-version.cmake
[5.613s] -- Installing: /home/zhy/my_robot/my_robot_description/install/my_robot_description/share/my_robot_description/package.xml
[5.614s] Invoked command in '/home/zhy/my_robot/my_robot_description/build/my_robot_description' returned '0': CMAKE_PREFIX_PATH=${CMAKE_PREFIX_PATH}:/opt/ros/foxy /usr/bin/cmake --install /home/zhy/my_robot/my_robot_description/build/my_robot_description
