[0.290s] DEBUG:colcon:Command line arguments: ['/usr/bin/colcon', 'build']
[0.290s] DEBUG:colcon:Parsed command line arguments: Namespace(allow_overriding=[], ament_cmake_args=None, base_paths=['.'], build_base='build', catkin_cmake_args=None, catkin_skip_building_tests=False, cmake_args=None, cmake_clean_cache=False, cmake_clean_first=False, cmake_force_configure=False, cmake_target=None, cmake_target_skip_unavailable=False, continue_on_error=False, event_handlers=None, executor='parallel', ignore_user_meta=False, install_base='install', log_base=None, log_level=None, main=<bound method BuildVerb.main of <colcon_core.verb.build.BuildVerb object at 0x7f9cba01f550>>, merge_install=False, metas=['./colcon.meta'], packages_above=None, packages_above_and_dependencies=None, packages_above_depth=None, packages_end=None, packages_ignore=None, packages_ignore_regex=None, packages_select=None, packages_select_build_failed=False, packages_select_by_dep=None, packages_select_regex=None, packages_select_test_failures=False, packages_skip=None, packages_skip_build_finished=False, packages_skip_by_dep=None, packages_skip_regex=None, packages_skip_test_passed=False, packages_skip_up_to=None, packages_start=None, packages_up_to=None, packages_up_to_regex=None, parallel_workers=32, paths=None, symlink_install=False, test_result_base=None, verb_extension=<colcon_core.verb.build.BuildVerb object at 0x7f9cba01f550>, verb_name='build', verb_parser=<colcon_defaults.argument_parser.defaults.DefaultArgumentsDecorator object at 0x7f9cb9f673d0>)
[0.351s] Level 1:colcon.colcon_core.package_discovery:discover_packages(colcon_meta) check parameters
[0.351s] Level 1:colcon.colcon_core.package_discovery:discover_packages(recursive) check parameters
[0.351s] Level 1:colcon.colcon_core.package_discovery:discover_packages(ignore) check parameters
[0.351s] Level 1:colcon.colcon_core.package_discovery:discover_packages(path) check parameters
[0.351s] Level 1:colcon.colcon_core.package_discovery:discover_packages(colcon_meta) discover
[0.351s] Level 1:colcon.colcon_core.package_discovery:discover_packages(recursive) discover
[0.351s] INFO:colcon.colcon_core.package_discovery:Crawling recursively for packages in '/home/zhy/my_robot/my_robot_description'
[0.351s] Level 1:colcon.colcon_core.package_identification:_identify(.) by extensions ['ignore', 'ignore_ament_install']
[0.351s] Level 1:colcon.colcon_core.package_identification:_identify(.) by extension 'ignore'
[0.351s] Level 1:colcon.colcon_core.package_identification:_identify(.) by extension 'ignore_ament_install'
[0.351s] Level 1:colcon.colcon_core.package_identification:_identify(.) by extensions ['colcon_pkg']
[0.351s] Level 1:colcon.colcon_core.package_identification:_identify(.) by extension 'colcon_pkg'
[0.351s] Level 1:colcon.colcon_core.package_identification:_identify(.) by extensions ['colcon_meta']
[0.351s] Level 1:colcon.colcon_core.package_identification:_identify(.) by extension 'colcon_meta'
[0.351s] Level 1:colcon.colcon_core.package_identification:_identify(.) by extensions ['ros']
[0.351s] Level 1:colcon.colcon_core.package_identification:_identify(.) by extension 'ros'
[0.358s] DEBUG:colcon.colcon_core.package_identification:Package '.' with type 'ros.ament_cmake' and name 'my_robot_description'
[0.358s] Level 1:colcon.colcon_core.package_discovery:discover_packages(recursive) using defaults
[0.358s] Level 1:colcon.colcon_core.package_discovery:discover_packages(ignore) discover
[0.358s] Level 1:colcon.colcon_core.package_discovery:discover_packages(ignore) using defaults
[0.358s] Level 1:colcon.colcon_core.package_discovery:discover_packages(path) discover
[0.358s] Level 1:colcon.colcon_core.package_discovery:discover_packages(path) using defaults
[0.366s] Level 1:colcon.colcon_core.package_discovery:discover_packages(prefix_path) check parameters
[0.366s] Level 1:colcon.colcon_core.package_discovery:discover_packages(prefix_path) discover
[0.367s] WARNING:colcon.colcon_ros.prefix_path.ament:The path '/home/zhy/my_robot/my_robot_description/install/my_robot_description' in the environment variable AMENT_PREFIX_PATH doesn't exist
[0.367s] WARNING:colcon.colcon_ros.prefix_path.catkin:The path '/home/zhy/my_robot/my_robot_description/install/my_robot_description' in the environment variable CMAKE_PREFIX_PATH doesn't exist
[0.367s] DEBUG:colcon.colcon_installed_package_information.package_discovery:Found 0 installed packages in /home/zhy/my_robot/my_robot_description/install
[0.368s] DEBUG:colcon.colcon_installed_package_information.package_discovery:Found 264 installed packages in /opt/ros/foxy
[0.369s] Level 1:colcon.colcon_core.package_discovery:discover_packages(prefix_path) using defaults
[0.397s] Level 5:colcon.colcon_core.verb:set package 'my_robot_description' build argument 'cmake_args' from command line to 'None'
[0.398s] Level 5:colcon.colcon_core.verb:set package 'my_robot_description' build argument 'cmake_target' from command line to 'None'
[0.398s] Level 5:colcon.colcon_core.verb:set package 'my_robot_description' build argument 'cmake_target_skip_unavailable' from command line to 'False'
[0.398s] Level 5:colcon.colcon_core.verb:set package 'my_robot_description' build argument 'cmake_clean_cache' from command line to 'False'
[0.398s] Level 5:colcon.colcon_core.verb:set package 'my_robot_description' build argument 'cmake_clean_first' from command line to 'False'
[0.398s] Level 5:colcon.colcon_core.verb:set package 'my_robot_description' build argument 'cmake_force_configure' from command line to 'False'
[0.398s] Level 5:colcon.colcon_core.verb:set package 'my_robot_description' build argument 'ament_cmake_args' from command line to 'None'
[0.398s] Level 5:colcon.colcon_core.verb:set package 'my_robot_description' build argument 'catkin_cmake_args' from command line to 'None'
[0.398s] Level 5:colcon.colcon_core.verb:set package 'my_robot_description' build argument 'catkin_skip_building_tests' from command line to 'False'
[0.398s] DEBUG:colcon.colcon_core.verb:Building package 'my_robot_description' with the following arguments: {'ament_cmake_args': None, 'build_base': '/home/zhy/my_robot/my_robot_description/build/my_robot_description', 'catkin_cmake_args': None, 'catkin_skip_building_tests': False, 'cmake_args': None, 'cmake_clean_cache': False, 'cmake_clean_first': False, 'cmake_force_configure': False, 'cmake_target': None, 'cmake_target_skip_unavailable': False, 'install_base': '/home/zhy/my_robot/my_robot_description/install/my_robot_description', 'merge_install': False, 'path': '/home/zhy/my_robot/my_robot_description', 'symlink_install': False, 'test_result_base': None}
[0.398s] INFO:colcon.colcon_core.executor:Executing jobs using 'parallel' executor
[0.399s] DEBUG:colcon.colcon_parallel_executor.executor.parallel:run_until_complete
[0.399s] INFO:colcon.colcon_ros.task.ament_cmake.build:Building ROS package in '/home/zhy/my_robot/my_robot_description' with build type 'ament_cmake'
[0.399s] INFO:colcon.colcon_cmake.task.cmake.build:Building CMake package in '/home/zhy/my_robot/my_robot_description'
[0.400s] INFO:colcon.colcon_core.plugin_system:Skipping extension 'colcon_core.shell.bat': Not used on non-Windows systems
[0.400s] INFO:colcon.colcon_core.shell:Skip shell extension 'powershell' for command environment: Not usable outside of PowerShell
[0.400s] DEBUG:colcon.colcon_core.shell:Skip shell extension 'dsv' for command environment
[0.406s] DEBUG:colcon.colcon_core.event_handler.log_command:Invoking command in '/home/zhy/my_robot/my_robot_description/build/my_robot_description': CMAKE_PREFIX_PATH=${CMAKE_PREFIX_PATH}:/opt/ros/foxy /usr/bin/cmake /home/zhy/my_robot/my_robot_description -DCMAKE_INSTALL_PREFIX=/home/zhy/my_robot/my_robot_description/install/my_robot_description
[5.960s] DEBUG:colcon.colcon_core.event_handler.log_command:Invoked command in '/home/zhy/my_robot/my_robot_description/build/my_robot_description' returned '0': CMAKE_PREFIX_PATH=${CMAKE_PREFIX_PATH}:/opt/ros/foxy /usr/bin/cmake /home/zhy/my_robot/my_robot_description -DCMAKE_INSTALL_PREFIX=/home/zhy/my_robot/my_robot_description/install/my_robot_description
[5.962s] DEBUG:colcon.colcon_core.event_handler.log_command:Invoking command in '/home/zhy/my_robot/my_robot_description/build/my_robot_description': CMAKE_PREFIX_PATH=${CMAKE_PREFIX_PATH}:/opt/ros/foxy /usr/bin/cmake --build /home/zhy/my_robot/my_robot_description/build/my_robot_description -- -j32 -l32
[5.985s] DEBUG:colcon.colcon_core.event_handler.log_command:Invoked command in '/home/zhy/my_robot/my_robot_description/build/my_robot_description' returned '0': CMAKE_PREFIX_PATH=${CMAKE_PREFIX_PATH}:/opt/ros/foxy /usr/bin/cmake --build /home/zhy/my_robot/my_robot_description/build/my_robot_description -- -j32 -l32
[6.003s] DEBUG:colcon.colcon_core.event_handler.log_command:Invoking command in '/home/zhy/my_robot/my_robot_description/build/my_robot_description': CMAKE_PREFIX_PATH=${CMAKE_PREFIX_PATH}:/opt/ros/foxy /usr/bin/cmake --install /home/zhy/my_robot/my_robot_description/build/my_robot_description
[6.013s] Level 1:colcon.colcon_core.environment:create_environment_scripts_only(my_robot_description)
[6.013s] DEBUG:colcon.colcon_core.event_handler.log_command:Invoked command in '/home/zhy/my_robot/my_robot_description/build/my_robot_description' returned '0': CMAKE_PREFIX_PATH=${CMAKE_PREFIX_PATH}:/opt/ros/foxy /usr/bin/cmake --install /home/zhy/my_robot/my_robot_description/build/my_robot_description
[6.015s] Level 1:colcon.colcon_core.environment:checking '/home/zhy/my_robot/my_robot_description/install/my_robot_description' for CMake module files
[6.015s] Level 1:colcon.colcon_core.environment:checking '/home/zhy/my_robot/my_robot_description/install/my_robot_description' for CMake config files
[6.015s] Level 1:colcon.colcon_core.shell:create_environment_hook('my_robot_description', 'cmake_prefix_path')
[6.015s] INFO:colcon.colcon_core.shell:Creating environment hook '/home/zhy/my_robot/my_robot_description/install/my_robot_description/share/my_robot_description/hook/cmake_prefix_path.ps1'
[6.017s] INFO:colcon.colcon_core.shell:Creating environment descriptor '/home/zhy/my_robot/my_robot_description/install/my_robot_description/share/my_robot_description/hook/cmake_prefix_path.dsv'
[6.017s] INFO:colcon.colcon_core.shell:Creating environment hook '/home/zhy/my_robot/my_robot_description/install/my_robot_description/share/my_robot_description/hook/cmake_prefix_path.sh'
[6.018s] Level 1:colcon.colcon_core.environment:checking '/home/zhy/my_robot/my_robot_description/install/my_robot_description/bin'
[6.018s] Level 1:colcon.colcon_core.environment:checking '/home/zhy/my_robot/my_robot_description/install/my_robot_description/lib/pkgconfig/my_robot_description.pc'
[6.018s] Level 1:colcon.colcon_core.environment:checking '/home/zhy/my_robot/my_robot_description/install/my_robot_description/lib/python3.8/site-packages'
[6.018s] Level 1:colcon.colcon_core.environment:checking '/home/zhy/my_robot/my_robot_description/install/my_robot_description/bin'
[6.019s] INFO:colcon.colcon_core.shell:Creating package script '/home/zhy/my_robot/my_robot_description/install/my_robot_description/share/my_robot_description/package.ps1'
[6.019s] INFO:colcon.colcon_core.shell:Creating package descriptor '/home/zhy/my_robot/my_robot_description/install/my_robot_description/share/my_robot_description/package.dsv'
[6.019s] INFO:colcon.colcon_core.shell:Creating package script '/home/zhy/my_robot/my_robot_description/install/my_robot_description/share/my_robot_description/package.sh'
[6.020s] INFO:colcon.colcon_core.shell:Creating package script '/home/zhy/my_robot/my_robot_description/install/my_robot_description/share/my_robot_description/package.bash'
[6.020s] INFO:colcon.colcon_core.shell:Creating package script '/home/zhy/my_robot/my_robot_description/install/my_robot_description/share/my_robot_description/package.zsh'
[6.020s] Level 1:colcon.colcon_core.environment:create_file_with_runtime_dependencies(/home/zhy/my_robot/my_robot_description/install/my_robot_description/share/colcon-core/packages/my_robot_description)
[6.037s] Level 1:colcon.colcon_core.environment:create_environment_scripts_only(my_robot_description)
[6.037s] Level 1:colcon.colcon_core.environment:checking '/home/zhy/my_robot/my_robot_description/install/my_robot_description' for CMake module files
[6.038s] Level 1:colcon.colcon_core.environment:checking '/home/zhy/my_robot/my_robot_description/install/my_robot_description' for CMake config files
[6.038s] Level 1:colcon.colcon_core.shell:create_environment_hook('my_robot_description', 'cmake_prefix_path')
[6.038s] INFO:colcon.colcon_core.shell:Creating environment hook '/home/zhy/my_robot/my_robot_description/install/my_robot_description/share/my_robot_description/hook/cmake_prefix_path.ps1'
[6.038s] INFO:colcon.colcon_core.shell:Creating environment descriptor '/home/zhy/my_robot/my_robot_description/install/my_robot_description/share/my_robot_description/hook/cmake_prefix_path.dsv'
[6.038s] INFO:colcon.colcon_core.shell:Creating environment hook '/home/zhy/my_robot/my_robot_description/install/my_robot_description/share/my_robot_description/hook/cmake_prefix_path.sh'
[6.039s] Level 1:colcon.colcon_core.environment:checking '/home/zhy/my_robot/my_robot_description/install/my_robot_description/bin'
[6.039s] Level 1:colcon.colcon_core.environment:checking '/home/zhy/my_robot/my_robot_description/install/my_robot_description/lib/pkgconfig/my_robot_description.pc'
[6.039s] Level 1:colcon.colcon_core.environment:checking '/home/zhy/my_robot/my_robot_description/install/my_robot_description/lib/python3.8/site-packages'
[6.039s] Level 1:colcon.colcon_core.environment:checking '/home/zhy/my_robot/my_robot_description/install/my_robot_description/bin'
[6.039s] INFO:colcon.colcon_core.shell:Creating package script '/home/zhy/my_robot/my_robot_description/install/my_robot_description/share/my_robot_description/package.ps1'
[6.040s] INFO:colcon.colcon_core.shell:Creating package descriptor '/home/zhy/my_robot/my_robot_description/install/my_robot_description/share/my_robot_description/package.dsv'
[6.040s] INFO:colcon.colcon_core.shell:Creating package script '/home/zhy/my_robot/my_robot_description/install/my_robot_description/share/my_robot_description/package.sh'
[6.040s] INFO:colcon.colcon_core.shell:Creating package script '/home/zhy/my_robot/my_robot_description/install/my_robot_description/share/my_robot_description/package.bash'
[6.040s] INFO:colcon.colcon_core.shell:Creating package script '/home/zhy/my_robot/my_robot_description/install/my_robot_description/share/my_robot_description/package.zsh'
[6.041s] Level 1:colcon.colcon_core.environment:create_file_with_runtime_dependencies(/home/zhy/my_robot/my_robot_description/install/my_robot_description/share/colcon-core/packages/my_robot_description)
[6.041s] DEBUG:colcon.colcon_parallel_executor.executor.parallel:closing loop
[6.041s] DEBUG:colcon.colcon_parallel_executor.executor.parallel:loop closed
[6.042s] DEBUG:colcon.colcon_parallel_executor.executor.parallel:run_until_complete finished with '0'
[6.042s] DEBUG:colcon.colcon_core.event_reactor:joining thread
[6.136s] INFO:colcon.colcon_core.plugin_system:Skipping extension 'colcon_notification.desktop_notification.notify_send': Could not find 'notify-send'
[6.137s] INFO:colcon.colcon_core.plugin_system:Skipping extension 'colcon_notification.desktop_notification.terminal_notifier': Not used on non-Darwin systems
[6.137s] INFO:colcon.colcon_core.plugin_system:Skipping extension 'colcon_notification.desktop_notification.win32': Not used on non-Windows systems
[6.137s] INFO:colcon.colcon_notification.desktop_notification:Sending desktop notification using 'notify2'
[6.140s] DEBUG:colcon.colcon_notification.desktop_notification.notify2:Failed to initialize notify2: org.freedesktop.DBus.Error.ServiceUnknown: The name org.freedesktop.Notifications was not provided by any .service files
[6.141s] DEBUG:colcon.colcon_core.event_reactor:joined thread
[6.141s] INFO:colcon.colcon_core.shell:Creating prefix script '/home/zhy/my_robot/my_robot_description/install/local_setup.ps1'
[6.142s] INFO:colcon.colcon_core.shell:Creating prefix util module '/home/zhy/my_robot/my_robot_description/install/_local_setup_util_ps1.py'
[6.142s] INFO:colcon.colcon_core.shell:Creating prefix chain script '/home/zhy/my_robot/my_robot_description/install/setup.ps1'
[6.143s] INFO:colcon.colcon_core.shell:Creating prefix script '/home/zhy/my_robot/my_robot_description/install/local_setup.sh'
[6.143s] INFO:colcon.colcon_core.shell:Creating prefix util module '/home/zhy/my_robot/my_robot_description/install/_local_setup_util_sh.py'
[6.143s] INFO:colcon.colcon_core.shell:Creating prefix chain script '/home/zhy/my_robot/my_robot_description/install/setup.sh'
[6.144s] INFO:colcon.colcon_core.shell:Creating prefix script '/home/zhy/my_robot/my_robot_description/install/local_setup.bash'
[6.144s] INFO:colcon.colcon_core.shell:Creating prefix chain script '/home/zhy/my_robot/my_robot_description/install/setup.bash'
[6.144s] INFO:colcon.colcon_core.shell:Creating prefix script '/home/zhy/my_robot/my_robot_description/install/local_setup.zsh'
[6.145s] INFO:colcon.colcon_core.shell:Creating prefix chain script '/home/zhy/my_robot/my_robot_description/install/setup.zsh'
