[0.303s] DEBUG:colcon:Command line arguments: ['/usr/bin/colcon', 'build']
[0.304s] DEBUG:colcon:Parsed command line arguments: Namespace(allow_overriding=[], ament_cmake_args=None, base_paths=['.'], build_base='build', catkin_cmake_args=None, catkin_skip_building_tests=False, cmake_args=None, cmake_clean_cache=False, cmake_clean_first=False, cmake_force_configure=False, cmake_target=None, cmake_target_skip_unavailable=False, continue_on_error=False, event_handlers=None, executor='parallel', ignore_user_meta=False, install_base='install', log_base=None, log_level=None, main=<bound method BuildVerb.main of <colcon_core.verb.build.BuildVerb object at 0x7fd71ff31580>>, merge_install=False, metas=['./colcon.meta'], packages_above=None, packages_above_and_dependencies=None, packages_above_depth=None, packages_end=None, packages_ignore=None, packages_ignore_regex=None, packages_select=None, packages_select_build_failed=False, packages_select_by_dep=None, packages_select_regex=None, packages_select_test_failures=False, packages_skip=None, packages_skip_build_finished=False, packages_skip_by_dep=None, packages_skip_regex=None, packages_skip_test_passed=False, packages_skip_up_to=None, packages_start=None, packages_up_to=None, packages_up_to_regex=None, parallel_workers=32, paths=None, symlink_install=False, test_result_base=None, verb_extension=<colcon_core.verb.build.BuildVerb object at 0x7fd71ff31580>, verb_name='build', verb_parser=<colcon_defaults.argument_parser.defaults.DefaultArgumentsDecorator object at 0x7fd71fe79400>)
[0.391s] Level 1:colcon.colcon_core.package_discovery:discover_packages(colcon_meta) check parameters
[0.391s] Level 1:colcon.colcon_core.package_discovery:discover_packages(recursive) check parameters
[0.391s] Level 1:colcon.colcon_core.package_discovery:discover_packages(ignore) check parameters
[0.391s] Level 1:colcon.colcon_core.package_discovery:discover_packages(path) check parameters
[0.391s] Level 1:colcon.colcon_core.package_discovery:discover_packages(colcon_meta) discover
[0.391s] Level 1:colcon.colcon_core.package_discovery:discover_packages(recursive) discover
[0.391s] INFO:colcon.colcon_core.package_discovery:Crawling recursively for packages in '/home/zhy/my_robot/my_robot_description'
[0.391s] Level 1:colcon.colcon_core.package_identification:_identify(.) by extensions ['ignore', 'ignore_ament_install']
[0.391s] Level 1:colcon.colcon_core.package_identification:_identify(.) by extension 'ignore'
[0.391s] Level 1:colcon.colcon_core.package_identification:_identify(.) by extension 'ignore_ament_install'
[0.391s] Level 1:colcon.colcon_core.package_identification:_identify(.) by extensions ['colcon_pkg']
[0.391s] Level 1:colcon.colcon_core.package_identification:_identify(.) by extension 'colcon_pkg'
[0.391s] Level 1:colcon.colcon_core.package_identification:_identify(.) by extensions ['colcon_meta']
[0.391s] Level 1:colcon.colcon_core.package_identification:_identify(.) by extension 'colcon_meta'
[0.391s] Level 1:colcon.colcon_core.package_identification:_identify(.) by extensions ['ros']
[0.391s] Level 1:colcon.colcon_core.package_identification:_identify(.) by extension 'ros'
[0.402s] DEBUG:colcon.colcon_core.package_identification:Package '.' with type 'ros.ament_cmake' and name 'my_robot_description'
[0.402s] Level 1:colcon.colcon_core.package_discovery:discover_packages(recursive) using defaults
[0.402s] Level 1:colcon.colcon_core.package_discovery:discover_packages(ignore) discover
[0.402s] Level 1:colcon.colcon_core.package_discovery:discover_packages(ignore) using defaults
[0.402s] Level 1:colcon.colcon_core.package_discovery:discover_packages(path) discover
[0.402s] Level 1:colcon.colcon_core.package_discovery:discover_packages(path) using defaults
[0.416s] Level 1:colcon.colcon_core.package_discovery:discover_packages(prefix_path) check parameters
[0.416s] Level 1:colcon.colcon_core.package_discovery:discover_packages(prefix_path) discover
[0.418s] WARNING:colcon.colcon_ros.prefix_path.ament:The path '/home/zhy/my_robot/my_robot_description/install/my_robot_description' in the environment variable AMENT_PREFIX_PATH doesn't exist
[0.418s] WARNING:colcon.colcon_ros.prefix_path.catkin:The path '/home/zhy/my_robot/my_robot_description/install/my_robot_description' in the environment variable CMAKE_PREFIX_PATH doesn't exist
[0.419s] DEBUG:colcon.colcon_installed_package_information.package_discovery:Found 0 installed packages in /home/zhy/my_robot/my_robot_description/install
[0.420s] DEBUG:colcon.colcon_installed_package_information.package_discovery:Found 264 installed packages in /opt/ros/foxy
[0.421s] Level 1:colcon.colcon_core.package_discovery:discover_packages(prefix_path) using defaults
[0.502s] Level 5:colcon.colcon_core.verb:set package 'my_robot_description' build argument 'cmake_args' from command line to 'None'
[0.502s] Level 5:colcon.colcon_core.verb:set package 'my_robot_description' build argument 'cmake_target' from command line to 'None'
[0.502s] Level 5:colcon.colcon_core.verb:set package 'my_robot_description' build argument 'cmake_target_skip_unavailable' from command line to 'False'
[0.502s] Level 5:colcon.colcon_core.verb:set package 'my_robot_description' build argument 'cmake_clean_cache' from command line to 'False'
[0.502s] Level 5:colcon.colcon_core.verb:set package 'my_robot_description' build argument 'cmake_clean_first' from command line to 'False'
[0.502s] Level 5:colcon.colcon_core.verb:set package 'my_robot_description' build argument 'cmake_force_configure' from command line to 'False'
[0.502s] Level 5:colcon.colcon_core.verb:set package 'my_robot_description' build argument 'ament_cmake_args' from command line to 'None'
[0.502s] Level 5:colcon.colcon_core.verb:set package 'my_robot_description' build argument 'catkin_cmake_args' from command line to 'None'
[0.502s] Level 5:colcon.colcon_core.verb:set package 'my_robot_description' build argument 'catkin_skip_building_tests' from command line to 'False'
[0.502s] DEBUG:colcon.colcon_core.verb:Building package 'my_robot_description' with the following arguments: {'ament_cmake_args': None, 'build_base': '/home/zhy/my_robot/my_robot_description/build/my_robot_description', 'catkin_cmake_args': None, 'catkin_skip_building_tests': False, 'cmake_args': None, 'cmake_clean_cache': False, 'cmake_clean_first': False, 'cmake_force_configure': False, 'cmake_target': None, 'cmake_target_skip_unavailable': False, 'install_base': '/home/zhy/my_robot/my_robot_description/install/my_robot_description', 'merge_install': False, 'path': '/home/zhy/my_robot/my_robot_description', 'symlink_install': False, 'test_result_base': None}
[0.502s] INFO:colcon.colcon_core.executor:Executing jobs using 'parallel' executor
[0.503s] DEBUG:colcon.colcon_parallel_executor.executor.parallel:run_until_complete
[0.504s] INFO:colcon.colcon_ros.task.ament_cmake.build:Building ROS package in '/home/zhy/my_robot/my_robot_description' with build type 'ament_cmake'
[0.504s] INFO:colcon.colcon_cmake.task.cmake.build:Building CMake package in '/home/zhy/my_robot/my_robot_description'
[0.507s] INFO:colcon.colcon_core.plugin_system:Skipping extension 'colcon_core.shell.bat': Not used on non-Windows systems
[0.507s] INFO:colcon.colcon_core.shell:Skip shell extension 'powershell' for command environment: Not usable outside of PowerShell
[0.507s] DEBUG:colcon.colcon_core.shell:Skip shell extension 'dsv' for command environment
[0.515s] DEBUG:colcon.colcon_core.event_handler.log_command:Invoking command in '/home/zhy/my_robot/my_robot_description/build/my_robot_description': CMAKE_PREFIX_PATH=${CMAKE_PREFIX_PATH}:/opt/ros/foxy /usr/bin/cmake /home/zhy/my_robot/my_robot_description -DCMAKE_INSTALL_PREFIX=/home/zhy/my_robot/my_robot_description/install/my_robot_description
[5.229s] DEBUG:colcon.colcon_core.event_handler.log_command:Invoked command in '/home/zhy/my_robot/my_robot_description/build/my_robot_description' returned '0': CMAKE_PREFIX_PATH=${CMAKE_PREFIX_PATH}:/opt/ros/foxy /usr/bin/cmake /home/zhy/my_robot/my_robot_description -DCMAKE_INSTALL_PREFIX=/home/zhy/my_robot/my_robot_description/install/my_robot_description
[5.229s] DEBUG:colcon.colcon_core.event_handler.log_command:Invoking command in '/home/zhy/my_robot/my_robot_description/build/my_robot_description': CMAKE_PREFIX_PATH=${CMAKE_PREFIX_PATH}:/opt/ros/foxy /usr/bin/cmake --build /home/zhy/my_robot/my_robot_description/build/my_robot_description -- -j32 -l32
[5.252s] DEBUG:colcon.colcon_core.event_handler.log_command:Invoked command in '/home/zhy/my_robot/my_robot_description/build/my_robot_description' returned '0': CMAKE_PREFIX_PATH=${CMAKE_PREFIX_PATH}:/opt/ros/foxy /usr/bin/cmake --build /home/zhy/my_robot/my_robot_description/build/my_robot_description -- -j32 -l32
[5.271s] DEBUG:colcon.colcon_core.event_handler.log_command:Invoking command in '/home/zhy/my_robot/my_robot_description/build/my_robot_description': CMAKE_PREFIX_PATH=${CMAKE_PREFIX_PATH}:/opt/ros/foxy /usr/bin/cmake --install /home/zhy/my_robot/my_robot_description/build/my_robot_description
[5.282s] Level 1:colcon.colcon_core.environment:create_environment_scripts_only(my_robot_description)
[5.282s] DEBUG:colcon.colcon_core.event_handler.log_command:Invoked command in '/home/zhy/my_robot/my_robot_description/build/my_robot_description' returned '0': CMAKE_PREFIX_PATH=${CMAKE_PREFIX_PATH}:/opt/ros/foxy /usr/bin/cmake --install /home/zhy/my_robot/my_robot_description/build/my_robot_description
[5.288s] Level 1:colcon.colcon_core.environment:checking '/home/zhy/my_robot/my_robot_description/install/my_robot_description' for CMake module files
[5.288s] Level 1:colcon.colcon_core.environment:checking '/home/zhy/my_robot/my_robot_description/install/my_robot_description' for CMake config files
[5.289s] Level 1:colcon.colcon_core.shell:create_environment_hook('my_robot_description', 'cmake_prefix_path')
[5.289s] INFO:colcon.colcon_core.shell:Creating environment hook '/home/zhy/my_robot/my_robot_description/install/my_robot_description/share/my_robot_description/hook/cmake_prefix_path.ps1'
[5.290s] INFO:colcon.colcon_core.shell:Creating environment descriptor '/home/zhy/my_robot/my_robot_description/install/my_robot_description/share/my_robot_description/hook/cmake_prefix_path.dsv'
[5.290s] INFO:colcon.colcon_core.shell:Creating environment hook '/home/zhy/my_robot/my_robot_description/install/my_robot_description/share/my_robot_description/hook/cmake_prefix_path.sh'
[5.291s] Level 1:colcon.colcon_core.environment:checking '/home/zhy/my_robot/my_robot_description/install/my_robot_description/bin'
[5.291s] Level 1:colcon.colcon_core.environment:checking '/home/zhy/my_robot/my_robot_description/install/my_robot_description/lib/pkgconfig/my_robot_description.pc'
[5.291s] Level 1:colcon.colcon_core.environment:checking '/home/zhy/my_robot/my_robot_description/install/my_robot_description/lib/python3.8/site-packages'
[5.291s] Level 1:colcon.colcon_core.environment:checking '/home/zhy/my_robot/my_robot_description/install/my_robot_description/bin'
[5.291s] INFO:colcon.colcon_core.shell:Creating package script '/home/zhy/my_robot/my_robot_description/install/my_robot_description/share/my_robot_description/package.ps1'
[5.292s] INFO:colcon.colcon_core.shell:Creating package descriptor '/home/zhy/my_robot/my_robot_description/install/my_robot_description/share/my_robot_description/package.dsv'
[5.293s] INFO:colcon.colcon_core.shell:Creating package script '/home/zhy/my_robot/my_robot_description/install/my_robot_description/share/my_robot_description/package.sh'
[5.293s] INFO:colcon.colcon_core.shell:Creating package script '/home/zhy/my_robot/my_robot_description/install/my_robot_description/share/my_robot_description/package.bash'
[5.294s] INFO:colcon.colcon_core.shell:Creating package script '/home/zhy/my_robot/my_robot_description/install/my_robot_description/share/my_robot_description/package.zsh'
[5.294s] Level 1:colcon.colcon_core.environment:create_file_with_runtime_dependencies(/home/zhy/my_robot/my_robot_description/install/my_robot_description/share/colcon-core/packages/my_robot_description)
[5.307s] Level 1:colcon.colcon_core.environment:create_environment_scripts_only(my_robot_description)
[5.307s] Level 1:colcon.colcon_core.environment:checking '/home/zhy/my_robot/my_robot_description/install/my_robot_description' for CMake module files
[5.307s] Level 1:colcon.colcon_core.environment:checking '/home/zhy/my_robot/my_robot_description/install/my_robot_description' for CMake config files
[5.307s] Level 1:colcon.colcon_core.shell:create_environment_hook('my_robot_description', 'cmake_prefix_path')
[5.307s] INFO:colcon.colcon_core.shell:Creating environment hook '/home/zhy/my_robot/my_robot_description/install/my_robot_description/share/my_robot_description/hook/cmake_prefix_path.ps1'
[5.308s] INFO:colcon.colcon_core.shell:Creating environment descriptor '/home/zhy/my_robot/my_robot_description/install/my_robot_description/share/my_robot_description/hook/cmake_prefix_path.dsv'
[5.308s] INFO:colcon.colcon_core.shell:Creating environment hook '/home/zhy/my_robot/my_robot_description/install/my_robot_description/share/my_robot_description/hook/cmake_prefix_path.sh'
[5.308s] Level 1:colcon.colcon_core.environment:checking '/home/zhy/my_robot/my_robot_description/install/my_robot_description/bin'
[5.308s] Level 1:colcon.colcon_core.environment:checking '/home/zhy/my_robot/my_robot_description/install/my_robot_description/lib/pkgconfig/my_robot_description.pc'
[5.308s] Level 1:colcon.colcon_core.environment:checking '/home/zhy/my_robot/my_robot_description/install/my_robot_description/lib/python3.8/site-packages'
[5.308s] Level 1:colcon.colcon_core.environment:checking '/home/zhy/my_robot/my_robot_description/install/my_robot_description/bin'
[5.308s] INFO:colcon.colcon_core.shell:Creating package script '/home/zhy/my_robot/my_robot_description/install/my_robot_description/share/my_robot_description/package.ps1'
[5.309s] INFO:colcon.colcon_core.shell:Creating package descriptor '/home/zhy/my_robot/my_robot_description/install/my_robot_description/share/my_robot_description/package.dsv'
[5.309s] INFO:colcon.colcon_core.shell:Creating package script '/home/zhy/my_robot/my_robot_description/install/my_robot_description/share/my_robot_description/package.sh'
[5.309s] INFO:colcon.colcon_core.shell:Creating package script '/home/zhy/my_robot/my_robot_description/install/my_robot_description/share/my_robot_description/package.bash'
[5.309s] INFO:colcon.colcon_core.shell:Creating package script '/home/zhy/my_robot/my_robot_description/install/my_robot_description/share/my_robot_description/package.zsh'
[5.309s] Level 1:colcon.colcon_core.environment:create_file_with_runtime_dependencies(/home/zhy/my_robot/my_robot_description/install/my_robot_description/share/colcon-core/packages/my_robot_description)
[5.310s] DEBUG:colcon.colcon_parallel_executor.executor.parallel:closing loop
[5.310s] DEBUG:colcon.colcon_parallel_executor.executor.parallel:loop closed
[5.310s] DEBUG:colcon.colcon_parallel_executor.executor.parallel:run_until_complete finished with '0'
[5.310s] DEBUG:colcon.colcon_core.event_reactor:joining thread
[5.407s] INFO:colcon.colcon_core.plugin_system:Skipping extension 'colcon_notification.desktop_notification.notify_send': Could not find 'notify-send'
[5.407s] INFO:colcon.colcon_core.plugin_system:Skipping extension 'colcon_notification.desktop_notification.terminal_notifier': Not used on non-Darwin systems
[5.407s] INFO:colcon.colcon_core.plugin_system:Skipping extension 'colcon_notification.desktop_notification.win32': Not used on non-Windows systems
[5.407s] INFO:colcon.colcon_notification.desktop_notification:Sending desktop notification using 'notify2'
[5.413s] DEBUG:colcon.colcon_notification.desktop_notification.notify2:Failed to initialize notify2: org.freedesktop.DBus.Error.ServiceUnknown: The name org.freedesktop.Notifications was not provided by any .service files
[5.413s] DEBUG:colcon.colcon_core.event_reactor:joined thread
[5.413s] INFO:colcon.colcon_core.shell:Creating prefix script '/home/zhy/my_robot/my_robot_description/install/local_setup.ps1'
[5.415s] INFO:colcon.colcon_core.shell:Creating prefix util module '/home/zhy/my_robot/my_robot_description/install/_local_setup_util_ps1.py'
[5.416s] INFO:colcon.colcon_core.shell:Creating prefix chain script '/home/zhy/my_robot/my_robot_description/install/setup.ps1'
[5.416s] INFO:colcon.colcon_core.shell:Creating prefix script '/home/zhy/my_robot/my_robot_description/install/local_setup.sh'
[5.417s] INFO:colcon.colcon_core.shell:Creating prefix util module '/home/zhy/my_robot/my_robot_description/install/_local_setup_util_sh.py'
[5.417s] INFO:colcon.colcon_core.shell:Creating prefix chain script '/home/zhy/my_robot/my_robot_description/install/setup.sh'
[5.419s] INFO:colcon.colcon_core.shell:Creating prefix script '/home/zhy/my_robot/my_robot_description/install/local_setup.bash'
[5.419s] INFO:colcon.colcon_core.shell:Creating prefix chain script '/home/zhy/my_robot/my_robot_description/install/setup.bash'
[5.420s] INFO:colcon.colcon_core.shell:Creating prefix script '/home/zhy/my_robot/my_robot_description/install/local_setup.zsh'
[5.420s] INFO:colcon.colcon_core.shell:Creating prefix chain script '/home/zhy/my_robot/my_robot_description/install/setup.zsh'
