-- Install configuration: ""
-- Up-to-date: /home/zhy/my_robot/my_robot_description/install/my_robot_description/share/my_robot_description/urdf
-- Up-to-date: /home/zhy/my_robot/my_robot_description/install/my_robot_description/share/my_robot_description/urdf/xacro
-- Up-to-date: /home/zhy/my_robot/my_robot_description/install/my_robot_description/share/my_robot_description/urdf/xacro/gazebo
-- Up-to-date: /home/zhy/my_robot/my_robot_description/install/my_robot_description/share/my_robot_description/urdf/xacro/gazebo/my_robot_control.xacro
-- Up-to-date: /home/zhy/my_robot/my_robot_description/install/my_robot_description/share/my_robot_description/urdf/xacro/gazebo/my_robot_with_laser_gazebo.xacro
-- Installing: /home/zhy/my_robot/my_robot_description/install/my_robot_description/share/my_robot_description/urdf/xacro/gazebo/my_robot_base_gazebo.urdf
-- Installing: /home/zhy/my_robot/my_robot_description/install/my_robot_description/share/my_robot_description/urdf/xacro/gazebo/my_robot_base_gazebo.xacro
-- Up-to-date: /home/zhy/my_robot/my_robot_description/install/my_robot_description/share/my_robot_description/launch
-- Up-to-date: /home/zhy/my_robot/my_robot_description/install/my_robot_description/share/my_robot_description/launch/gazebo_launch.py
-- Up-to-date: /home/zhy/my_robot/my_robot_description/install/my_robot_description/share/my_robot_description/world
-- Up-to-date: /home/zhy/my_robot/my_robot_description/install/my_robot_description/share/my_robot_description/world/2023_v_4_1.world
-- Up-to-date: /home/zhy/my_robot/my_robot_description/install/my_robot_description/share/my_robot_description/meshes
-- Up-to-date: /home/zhy/my_robot/my_robot_description/install/my_robot_description/share/my_robot_description/meshes/base_link.stl
-- Up-to-date: /home/zhy/my_robot/my_robot_description/install/my_robot_description/share/ament_index/resource_index/package_run_dependencies/my_robot_description
-- Up-to-date: /home/zhy/my_robot/my_robot_description/install/my_robot_description/share/ament_index/resource_index/parent_prefix_path/my_robot_description
-- Up-to-date: /home/zhy/my_robot/my_robot_description/install/my_robot_description/share/my_robot_description/environment/ament_prefix_path.sh
-- Up-to-date: /home/zhy/my_robot/my_robot_description/install/my_robot_description/share/my_robot_description/environment/ament_prefix_path.dsv
-- Up-to-date: /home/zhy/my_robot/my_robot_description/install/my_robot_description/share/my_robot_description/environment/path.sh
-- Up-to-date: /home/zhy/my_robot/my_robot_description/install/my_robot_description/share/my_robot_description/environment/path.dsv
-- Up-to-date: /home/zhy/my_robot/my_robot_description/install/my_robot_description/share/my_robot_description/local_setup.bash
-- Up-to-date: /home/zhy/my_robot/my_robot_description/install/my_robot_description/share/my_robot_description/local_setup.sh
-- Up-to-date: /home/zhy/my_robot/my_robot_description/install/my_robot_description/share/my_robot_description/local_setup.zsh
-- Up-to-date: /home/zhy/my_robot/my_robot_description/install/my_robot_description/share/my_robot_description/local_setup.dsv
-- Up-to-date: /home/zhy/my_robot/my_robot_description/install/my_robot_description/share/my_robot_description/package.dsv
-- Up-to-date: /home/zhy/my_robot/my_robot_description/install/my_robot_description/share/ament_index/resource_index/packages/my_robot_description
-- Up-to-date: /home/zhy/my_robot/my_robot_description/install/my_robot_description/share/my_robot_description/cmake/my_robot_descriptionConfig.cmake
-- Up-to-date: /home/zhy/my_robot/my_robot_description/install/my_robot_description/share/my_robot_description/cmake/my_robot_descriptionConfig-version.cmake
-- Up-to-date: /home/zhy/my_robot/my_robot_description/install/my_robot_description/share/my_robot_description/package.xml
