[0.019s] Invoking command in '/home/zhy/my_robot/my_robot_description/build/my_robot_description': CMAKE_PREFIX_PATH=/opt/ros/foxy /usr/bin/cmake --build /home/zhy/my_robot/my_robot_description/build/my_robot_description -- -j32 -l32
[0.110s] Invoked command in '/home/zhy/my_robot/my_robot_description/build/my_robot_description' returned '0': CMAKE_PREFIX_PATH=/opt/ros/foxy /usr/bin/cmake --build /home/zhy/my_robot/my_robot_description/build/my_robot_description -- -j32 -l32
[0.132s] Invoking command in '/home/zhy/my_robot/my_robot_description/build/my_robot_description': CMAKE_PREFIX_PATH=/opt/ros/foxy /usr/bin/cmake --install /home/zhy/my_robot/my_robot_description/build/my_robot_description
[0.138s] -- Install configuration: ""
[0.138s] -- Up-to-date: /home/zhy/my_robot/my_robot_description/install/my_robot_description/share/my_robot_description/urdf
[0.138s] -- Up-to-date: /home/zhy/my_robot/my_robot_description/install/my_robot_description/share/my_robot_description/urdf/xacro
[0.138s] -- Up-to-date: /home/zhy/my_robot/my_robot_description/install/my_robot_description/share/my_robot_description/urdf/xacro/gazebo
[0.138s] -- Installing: /home/zhy/my_robot/my_robot_description/install/my_robot_description/share/my_robot_description/urdf/xacro/gazebo/my_robot_control.xacro
[0.139s] -- Up-to-date: /home/zhy/my_robot/my_robot_description/install/my_robot_description/share/my_robot_description/urdf/xacro/gazebo/my_robot_with_laser_gazebo.xacro
[0.139s] -- Installing: /home/zhy/my_robot/my_robot_description/install/my_robot_description/share/my_robot_description/urdf/xacro/gazebo/my_robot_base_gazebo.urdf
[0.139s] -- Up-to-date: /home/zhy/my_robot/my_robot_description/install/my_robot_description/share/my_robot_description/urdf/xacro/gazebo/my_robot_base_gazebo.xacro
[0.139s] -- Up-to-date: /home/zhy/my_robot/my_robot_description/install/my_robot_description/share/my_robot_description/launch
[0.139s] -- Up-to-date: /home/zhy/my_robot/my_robot_description/install/my_robot_description/share/my_robot_description/launch/gazebo_launch.py
[0.139s] -- Up-to-date: /home/zhy/my_robot/my_robot_description/install/my_robot_description/share/my_robot_description/world
[0.139s] -- Up-to-date: /home/zhy/my_robot/my_robot_description/install/my_robot_description/share/my_robot_description/world/2023_v_4_1.world
[0.140s] -- Up-to-date: /home/zhy/my_robot/my_robot_description/install/my_robot_description/share/my_robot_description/meshes
[0.140s] -- Up-to-date: /home/zhy/my_robot/my_robot_description/install/my_robot_description/share/my_robot_description/meshes/base_link.stl
[0.140s] -- Up-to-date: /home/zhy/my_robot/my_robot_description/install/my_robot_description/share/ament_index/resource_index/package_run_dependencies/my_robot_description
[0.140s] -- Up-to-date: /home/zhy/my_robot/my_robot_description/install/my_robot_description/share/ament_index/resource_index/parent_prefix_path/my_robot_description
[0.140s] -- Up-to-date: /home/zhy/my_robot/my_robot_description/install/my_robot_description/share/my_robot_description/environment/ament_prefix_path.sh
[0.140s] -- Up-to-date: /home/zhy/my_robot/my_robot_description/install/my_robot_description/share/my_robot_description/environment/ament_prefix_path.dsv
[0.140s] -- Up-to-date: /home/zhy/my_robot/my_robot_description/install/my_robot_description/share/my_robot_description/environment/path.sh
[0.140s] -- Up-to-date: /home/zhy/my_robot/my_robot_description/install/my_robot_description/share/my_robot_description/environment/path.dsv
[0.140s] -- Up-to-date: /home/zhy/my_robot/my_robot_description/install/my_robot_description/share/my_robot_description/local_setup.bash
[0.140s] -- Up-to-date: /home/zhy/my_robot/my_robot_description/install/my_robot_description/share/my_robot_description/local_setup.sh
[0.140s] -- Up-to-date: /home/zhy/my_robot/my_robot_description/install/my_robot_description/share/my_robot_description/local_setup.zsh
[0.140s] -- Up-to-date: /home/zhy/my_robot/my_robot_description/install/my_robot_description/share/my_robot_description/local_setup.dsv
[0.140s] -- Installing: /home/zhy/my_robot/my_robot_description/install/my_robot_description/share/my_robot_description/package.dsv
[0.140s] -- Up-to-date: /home/zhy/my_robot/my_robot_description/install/my_robot_description/share/ament_index/resource_index/packages/my_robot_description
[0.140s] -- Up-to-date: /home/zhy/my_robot/my_robot_description/install/my_robot_description/share/my_robot_description/cmake/my_robot_descriptionConfig.cmake
[0.140s] -- Up-to-date: /home/zhy/my_robot/my_robot_description/install/my_robot_description/share/my_robot_description/cmake/my_robot_descriptionConfig-version.cmake
[0.141s] -- Up-to-date: /home/zhy/my_robot/my_robot_description/install/my_robot_description/share/my_robot_description/package.xml
[0.141s] Invoked command in '/home/zhy/my_robot/my_robot_description/build/my_robot_description' returned '0': CMAKE_PREFIX_PATH=/opt/ros/foxy /usr/bin/cmake --install /home/zhy/my_robot/my_robot_description/build/my_robot_description
